<?xml version="1.0" encoding="UTF-8"?>
<testsuite xmlns:xsi="http://www.w3.org/2001/XMLSchema-instance" xsi:noNamespaceSchemaLocation="https://maven.apache.org/surefire/maven-surefire-plugin/xsd/surefire-test-report-3.0.xsd" version="3.0" name="com.udacity.catpoint.service.SecurityServiceTest" time="2.125" tests="34" errors="0" skipped="0" failures="0">
  <properties>
[...]
</properties>
  <testcase name="getArmingStatus_returnsStatus" classname="com.udacity.catpoint.service.SecurityServiceTest" time="1.919"/>
  <testcase name="setAlarmStatus_notifiesListeners" classname="com.udacity.catpoint.service.SecurityServiceTest" time="0.055"/>
  <testcase name="pendingAlarmInactiveSensors_noAlarm" classname="com.udacity.catpoint.service.SecurityServiceTest" time="0.008"/>
  <testcase name="catDetected_disarmed_noAlarm" classname="com.udacity.catpoint.service.SecurityServiceTest" time="0.007"/>
  <testcase name="getAlarmStatus_returnsStatus" classname="com.udacity.catpoint.service.SecurityServiceTest" time="0.002"/>
  <testcase name="addSensor_addsSensor" classname="com.udacity.catpoint.service.SecurityServiceTest" time="0.003"/>
  <testcase name="inactiveSensorDeactivated_noChange" classname="com.udacity.catpoint.service.SecurityServiceTest" time="0.003"/>
  <testcase name="armedSensorActivated_setsPendingAlarm" classname="com.udacity.catpoint.service.SecurityServiceTest" time="0.003"/>
  <testcase name="removeStatusListener_removesListener" classname="com.udacity.catpoint.service.SecurityServiceTest" time="0.003"/>
  <testcase name="armedHome_catDetected_setsAlarm" classname="com.udacity.catpoint.service.SecurityServiceTest" time="0.004"/>
  <testcase name="processImage_catDetectedAway_noAlarm" classname="com.udacity.catpoint.service.SecurityServiceTest" time="0.002"/>
  <testcase name="noCatAndNoActiveSensors_setsNoAlarm" classname="com.udacity.catpoint.service.SecurityServiceTest" time="0.004"/>
  <testcase name="noCat_activeSensors_noAlarmChange" classname="com.udacity.catpoint.service.SecurityServiceTest" time="0.003"/>
  <testcase name="getSensors_returnsSensors" classname="com.udacity.catpoint.service.SecurityServiceTest" time="0.004"/>
  <testcase name="getAlarmStatus_returnsAlarmStatus" classname="com.udacity.catpoint.service.SecurityServiceTest" time="0.002"/>
  <testcase name="pendingAlarm_secondSensorActivated_alarm" classname="com.udacity.catpoint.service.SecurityServiceTest" time="0.004"/>
  <testcase name="pendingAlarmActiveSensor_alarm" classname="com.udacity.catpoint.service.SecurityServiceTest" time="0.002"/>
  <testcase name="armedHomeWithCat_setsAlarm" classname="com.udacity.catpoint.service.SecurityServiceTest" time="0.004"/>
  <testcase name="pendingAlarmSensorActivated_setsAlarm" classname="com.udacity.catpoint.service.SecurityServiceTest" time="0.005"/>
  <testcase name="activeSensorActivatedWhilePending_setsAlarm" classname="com.udacity.catpoint.service.SecurityServiceTest" time="0.003"/>
  <testcase name="setAlarmStatus_setsAlarm" classname="com.udacity.catpoint.service.SecurityServiceTest" time="0.002"/>
  <testcase name="inactiveSensor_noAlarm_noChange" classname="com.udacity.catpoint.service.SecurityServiceTest" time="0.003"/>
  <testcase name="disarm_setsNoAlarm" classname="com.udacity.catpoint.service.SecurityServiceTest" time="0.003"/>
  <testcase name="removeSensor_removesSensor" classname="com.udacity.catpoint.service.SecurityServiceTest" time="0.002"/>
  <testcase name="pendingAlarm_allSensorsInactive_setsNoAlarm" classname="com.udacity.catpoint.service.SecurityServiceTest" time="0.003"/>
  <testcase name="alarmState_sensorChanges_noEffect" classname="com.udacity.catpoint.service.SecurityServiceTest" time="0.002"/>
  <testcase name="processImage_noCat_activeSensors_noChange" classname="com.udacity.catpoint.service.SecurityServiceTest" time="0.002"/>
  <testcase name="armingSystem_resetsAllSensors" classname="com.udacity.catpoint.service.SecurityServiceTest" time="0.004"/>
  <testcase name="disarmedSensorActivation_noAlarmChange" classname="com.udacity.catpoint.service.SecurityServiceTest" time="0.003"/>
  <testcase name="addStatusListener_addsListener" classname="com.udacity.catpoint.service.SecurityServiceTest" time="0.002"/>
  <testcase name="alarmState_activeSensor_noChange" classname="com.udacity.catpoint.service.SecurityServiceTest" time="0.003"/>
  <testcase name="getArmingStatus_returnsArmingStatus" classname="com.udacity.catpoint.service.SecurityServiceTest" time="0.002"/>
  <testcase name="armedAway_resetsSensors" classname="com.udacity.catpoint.service.SecurityServiceTest" time="0.002"/>
  <testcase name="setAlarmStatus_notifiesAllListeners" classname="com.udacity.catpoint.service.SecurityServiceTest" time="0.003"/>
</testsuite>